d:\uuuuudisk\myfiles\数据研究生\上课笔记\gpu课程\objcdchecker_gpu\objcdchecker_gpu\x64\debug\vc142.pdb
d:\uuuuudisk\myfiles\数据研究生\上课笔记\gpu课程\objcdchecker_gpu\objcdchecker_gpu\x64\debug\vc142.idb
d:\uuuuudisk\myfiles\数据研究生\上课笔记\gpu课程\objcdchecker_gpu\objcdchecker_gpu\x64\debug\cubic.obj
d:\uuuuudisk\myfiles\数据研究生\上课笔记\gpu课程\objcdchecker_gpu\objcdchecker_gpu\x64\debug\cmesh.obj
d:\uuuuudisk\myfiles\数据研究生\上课笔记\gpu课程\objcdchecker_gpu\objcdchecker_gpu\x64\debug\ccd.obj
x64\debug\cmodel.obj
x64\debug\obj-viewer.obj
d:\uuuuudisk\myfiles\数据研究生\上课笔记\gpu课程\objcdchecker_gpu\objcdchecker_gpu\x64\debug\objcdchecker_gpu.ilk
d:\uuuuudisk\myfiles\数据研究生\上课笔记\gpu课程\objcdchecker_gpu\objcdchecker_gpu\x64\debug\objcdchecker_gpu.exe
d:\uuuuudisk\myfiles\数据研究生\上课笔记\gpu课程\objcdchecker_gpu\objcdchecker_gpu\x64\debug\objcdchecker_gpu.pdb
d:\uuuuudisk\myfiles\数据研究生\上课笔记\gpu课程\objcdchecker_gpu\objcdchecker_gpu\x64\debug\objcdchecker_gpu.lib
d:\uuuuudisk\myfiles\数据研究生\上课笔记\gpu课程\objcdchecker_gpu\objcdchecker_gpu\x64\debug\objcdchecker_gpu.exp
d:\uuuuudisk\myfiles\数据研究生\上课笔记\gpu课程\objcdchecker_gpu\objcdchecker_gpu\x64\debug\cmodel.cu.cache
d:\uuuuudisk\myfiles\数据研究生\上课笔记\gpu课程\objcdchecker_gpu\objcdchecker_gpu\x64\debug\obj-viewer.cu.cache
d:\uuuuudisk\myfiles\数据研究生\上课笔记\gpu课程\objcdchecker_gpu\objcdchecker_gpu\x64\debug\cmodel.obj
d:\uuuuudisk\myfiles\数据研究生\上课笔记\gpu课程\objcdchecker_gpu\objcdchecker_gpu\x64\debug\obj-viewer.obj
d:\uuuuudisk\myfiles\数据研究生\上课笔记\gpu课程\objcdchecker_gpu\objcdchecker_gpu\x64\debug\objcdchecker_gpu.tlog\cl.command.1.tlog
d:\uuuuudisk\myfiles\数据研究生\上课笔记\gpu课程\objcdchecker_gpu\objcdchecker_gpu\x64\debug\objcdchecker_gpu.tlog\cl.read.1.tlog
d:\uuuuudisk\myfiles\数据研究生\上课笔记\gpu课程\objcdchecker_gpu\objcdchecker_gpu\x64\debug\objcdchecker_gpu.tlog\cl.write.1.tlog
d:\uuuuudisk\myfiles\数据研究生\上课笔记\gpu课程\objcdchecker_gpu\objcdchecker_gpu\x64\debug\objcdchecker_gpu.tlog\cudacompile.read.1u.tlog
d:\uuuuudisk\myfiles\数据研究生\上课笔记\gpu课程\objcdchecker_gpu\objcdchecker_gpu\x64\debug\objcdchecker_gpu.tlog\cudacompile.write.1u.tlog
d:\uuuuudisk\myfiles\数据研究生\上课笔记\gpu课程\objcdchecker_gpu\objcdchecker_gpu\x64\debug\objcdchecker_gpu.tlog\link.command.1.tlog
d:\uuuuudisk\myfiles\数据研究生\上课笔记\gpu课程\objcdchecker_gpu\objcdchecker_gpu\x64\debug\objcdchecker_gpu.tlog\link.read.1.tlog
d:\uuuuudisk\myfiles\数据研究生\上课笔记\gpu课程\objcdchecker_gpu\objcdchecker_gpu\x64\debug\objcdchecker_gpu.tlog\link.write.1.tlog
d:\uuuuudisk\myfiles\数据研究生\上课笔记\gpu课程\objcdchecker_gpu\objcdchecker_gpu\x64\debug\objcdchecker_gpu.tlog\objcdchecker_gpu.write.1u.tlog
